<?xml version="1.0" encoding="UTF-8"?>
<testsuites name="jest tests" tests="2" failures="0" errors="0" time="1.974">
  <testsuite name="undefined" errors="0" failures="0" skipped="0" timestamp="2024-01-31T03:26:49" time="1.002" tests="1">
    <testcase classname=" renders correctly" name=" renders correctly" time="0.389">
    </testcase>
  </testsuite>
  <testsuite name="Header" errors="0" failures="0" skipped="0" timestamp="2024-01-31T03:26:49" time="1.078" tests="1">
    <testcase classname="Header renders correctly" name="Header renders correctly" time="0.371">
    </testcase>
  </testsuite>
</testsuites>