<?xml version="1.0" encoding="UTF-8"?>
<testsuites name="jest tests" tests="2" failures="0" errors="0" time="18.447">
  <testsuite name="undefined" errors="0" failures="0" skipped="0" timestamp="2024-03-10T15:51:04" time="14.144" tests="1">
    <testcase classname=" renders correctly" name=" renders correctly" time="10.565">
    </testcase>
  </testsuite>
  <testsuite name="Header" errors="0" failures="0" skipped="0" timestamp="2024-03-10T15:51:04" time="14.892" tests="1">
    <testcase classname="Header renders correctly" name="Header renders correctly" time="11.41">
    </testcase>
  </testsuite>
</testsuites>